#! /usr/bin/vvp
:ivl_version "0.9.7 " "(v0_9_7)";
:vpi_time_precision + 0;
:vpi_module "system";
:vpi_module "v2005_math";
:vpi_module "va_math";
S_0xf53440 .scope module, "testbench" "testbench" 2 4;
 .timescale 0 0;
v0xf75f00_0 .var "tecla", 0 0;
v0xf75fa0_0 .net "w11b", 10 0, v0xf75cf0_0; 1 drivers
v0xf76020_0 .var "w1b", 0 0;
v0xf760a0_0 .var "wClockFPGA", 0 0;
v0xf76180_0 .var "wClockTeclado", 0 0;
v0xf76230_0 .net "wError", 0 0, v0xf1b3c0_0; 1 drivers
v0xf762b0_0 .net "wKey", 7 0, v0xf75480_0; 1 drivers
v0xf76360_0 .net "wNum", 2 0, v0xf75d70_0; 1 drivers
v0xf76480_0 .var "wReset", 0 0;
S_0xf75530 .scope module, "s2p" "serial2parallel" 2 13, 3 1, S_0xf53440;
 .timescale 0 0;
v0xf75730_0 .net "ClockFPGA", 0 0, v0xf760a0_0; 1 drivers
v0xf757f0_0 .var "ClockSampled", 0 0;
v0xf75890_0 .net "ClockTeclado", 0 0, v0xf76180_0; 1 drivers
v0xf75930_0 .var "buffer_11b", 10 0;
v0xf759e0_0 .var "cont", 3 0;
v0xf75a80_0 .var "cuenta", 2 0;
v0xf75b60_0 .net "i1b", 0 0, v0xf76020_0; 1 drivers
v0xf75c00_0 .net "iReset", 0 0, v0xf76480_0; 1 drivers
v0xf75cf0_0 .var "o11b", 10 0;
v0xf75d70_0 .var "oNum", 2 0;
v0xf75e80_0 .var "recieving", 0 0;
E_0xf75620 .event posedge, v0xf757f0_0;
E_0xf75690 .event negedge, v0xf757f0_0;
E_0xf756e0 .event posedge, v0xf75730_0;
S_0xf53530 .scope module, "dec" "decoder" 2 14, 4 1, S_0xf53440;
 .timescale 0 0;
v0xf1b3c0_0 .var "error", 0 0;
v0xf75340_0 .alias "i11b", 10 0, v0xf75fa0_0;
v0xf753e0_0 .alias "iNum", 2 0, v0xf76360_0;
v0xf75480_0 .var "oKey", 7 0;
E_0xf2f390 .event edge, v0xf75340_0, v0xf753e0_0;
    .scope S_0xf75530;
T_0 ;
    %wait E_0xf756e0;
    %load/v 8, v0xf75c00_0, 1;
    %jmp/0xz  T_0.0, 8;
    %ix/load 0, 1, 0;
    %assign/v0 v0xf75e80_0, 0, 0;
    %ix/load 0, 11, 0;
    %assign/v0 v0xf75930_0, 0, 3;
    %ix/load 0, 4, 0;
    %assign/v0 v0xf759e0_0, 0, 0;
    %ix/load 0, 3, 0;
    %assign/v0 v0xf75d70_0, 0, 0;
    %ix/load 0, 3, 0;
    %assign/v0 v0xf75a80_0, 0, 0;
    %ix/load 0, 1, 0;
    %assign/v0 v0xf757f0_0, 0, 1;
    %jmp T_0.1;
T_0.0 ;
    %load/v 8, v0xf75890_0, 1;
    %ix/load 0, 1, 0;
    %assign/v0 v0xf757f0_0, 0, 8;
T_0.1 ;
    %jmp T_0;
    .thread T_0;
    .scope S_0xf75530;
T_1 ;
    %wait E_0xf75690;
    %load/v 8, v0xf75b60_0, 1;
    %movi 9, 10, 32;
    %load/v 41, v0xf759e0_0, 4;
    %movi 45, 0, 28;
    %sub 9, 41, 32;
    %ix/get 1, 9, 32;
    %jmp/1 t_0, 4;
    %ix/load 0, 1, 0;
    %assign/v0/x1 v0xf75930_0, 0, 8;
t_0 ;
    %load/v 8, v0xf759e0_0, 4;
    %mov 12, 0, 28;
    %addi 8, 1, 32;
    %ix/load 0, 4, 0;
    %assign/v0 v0xf759e0_0, 0, 8;
    %load/v 8, v0xf759e0_0, 4;
    %mov 12, 0, 1;
    %cmp/u 0, 8, 5;
    %mov 8, 5, 1;
    %load/v 9, v0xf759e0_0, 4;
    %mov 13, 0, 2;
   %cmpi/u 9, 9, 6;
    %mov 9, 5, 1;
    %and 8, 9, 1;
    %jmp/0xz  T_1.0, 8;
    %load/v 8, v0xf75b60_0, 1;
    %mov 9, 0, 2;
    %cmpi/u 8, 1, 3;
    %jmp/0xz  T_1.2, 4;
    %load/v 8, v0xf75a80_0, 3;
    %mov 11, 0, 29;
    %addi 8, 1, 32;
    %ix/load 0, 3, 0;
    %assign/v0 v0xf75a80_0, 0, 8;
T_1.2 ;
T_1.0 ;
    %jmp T_1;
    .thread T_1;
    .scope S_0xf75530;
T_2 ;
    %wait E_0xf75620;
    %load/v 8, v0xf759e0_0, 4;
    %mov 12, 0, 2;
    %cmpi/u 8, 11, 6;
    %jmp/0xz  T_2.0, 4;
    %load/v 8, v0xf75930_0, 11;
    %ix/load 0, 11, 0;
    %assign/v0 v0xf75cf0_0, 0, 8;
    %load/v 8, v0xf75a80_0, 3;
    %ix/load 0, 3, 0;
    %assign/v0 v0xf75d70_0, 0, 8;
    %ix/load 0, 11, 0;
    %assign/v0 v0xf75930_0, 0, 3;
    %ix/load 0, 4, 0;
    %assign/v0 v0xf759e0_0, 0, 0;
    %ix/load 0, 3, 0;
    %assign/v0 v0xf75a80_0, 0, 0;
    %ix/load 0, 1, 0;
    %assign/v0 v0xf75e80_0, 0, 0;
T_2.0 ;
    %jmp T_2;
    .thread T_2;
    .scope S_0xf53530;
T_3 ;
    %wait E_0xf2f390;
    %load/v 8, v0xf75340_0, 1; Select 1 out of 11 bits
    %mov 9, 0, 2;
    %cmpi/u 8, 1, 3;
    %inv 4, 1;
    %mov 8, 4, 1;
    %ix/load 1, 10, 0;
    %mov 4, 0, 1;
    %jmp/1 T_3.0, 4;
    %load/x1p 11, v0xf75340_0, 1;
    %jmp T_3.1;
T_3.0 ;
    %mov 11, 2, 1;
T_3.1 ;
    %mov 9, 11, 1; Move signal select into place
    %mov 10, 0, 1;
    %cmpi/u 9, 0, 2;
    %inv 4, 1;
    %or 8, 4, 1;
    %load/v 9, v0xf753e0_0, 1; Only need 1 of 3 bits
; Save base=9 wid=1 in lookaside.
    %ix/load 1, 9, 0;
    %mov 4, 0, 1;
    %jmp/1 T_3.2, 4;
    %load/x1p 10, v0xf75340_0, 1;
    %jmp T_3.3;
T_3.2 ;
    %mov 10, 2, 1;
T_3.3 ;
; Save base=10 wid=1 in lookaside.
    %cmp/u 9, 10, 1;
    %inv 4, 1;
    %or 8, 4, 1;
    %jmp/0xz  T_3.4, 8;
    %set/v v0xf1b3c0_0, 1, 1;
    %jmp T_3.5;
T_3.4 ;
    %set/v v0xf1b3c0_0, 0, 1;
T_3.5 ;
    %ix/load 1, 2, 0;
    %mov 4, 0, 1;
    %jmp/1 T_3.6, 4;
    %load/x1p 8, v0xf75340_0, 4;
    %jmp T_3.7;
T_3.6 ;
    %mov 8, 2, 4;
T_3.7 ;
; Save base=8 wid=4 in lookaside.
    %ix/load 0, 4, 0;
    %set/x0 v0xf75480_0, 8, 4;
    %ix/load 1, 6, 0;
    %mov 4, 0, 1;
    %jmp/1 T_3.8, 4;
    %load/x1p 8, v0xf75340_0, 4;
    %jmp T_3.9;
T_3.8 ;
    %mov 8, 2, 4;
T_3.9 ;
; Save base=8 wid=4 in lookaside.
    %ix/load 0, 0, 0;
    %set/x0 v0xf75480_0, 8, 4;
    %jmp T_3;
    .thread T_3, $push;
    .scope S_0xf53440;
T_4 ;
    %delay 5, 0;
    %load/v 8, v0xf760a0_0, 1;
    %inv 8, 1;
    %set/v v0xf760a0_0, 8, 1;
    %jmp T_4;
    .thread T_4;
    .scope S_0xf53440;
T_5 ;
    %delay 20000, 0;
    %load/v 8, v0xf76180_0, 1;
    %load/v 9, v0xf75f00_0, 1;
    %and 8, 9, 1;
    %inv 8, 1;
    %set/v v0xf76180_0, 8, 1;
    %jmp T_5;
    .thread T_5;
    .scope S_0xf53440;
T_6 ;
    %ix/load 0, 1, 0;
    %assign/v0 v0xf75f00_0, 0, 0;
    %ix/load 0, 1, 0;
    %assign/v0 v0xf760a0_0, 0, 1;
    %ix/load 0, 1, 0;
    %assign/v0 v0xf76480_0, 0, 0;
    %ix/load 0, 1, 0;
    %assign/v0 v0xf76020_0, 0, 1;
    %ix/load 0, 1, 0;
    %assign/v0 v0xf76180_0, 0, 1;
    %delay 10, 0;
    %ix/load 0, 1, 0;
    %assign/v0 v0xf76480_0, 0, 1;
    %delay 20, 0;
    %ix/load 0, 1, 0;
    %assign/v0 v0xf76480_0, 0, 0;
    %delay 159990, 0;
    %ix/load 0, 1, 0;
    %assign/v0 v0xf76020_0, 0, 0;
    %delay 10, 0;
    %ix/load 0, 1, 0;
    %assign/v0 v0xf76180_0, 0, 0;
    %ix/load 0, 1, 0;
    %assign/v0 v0xf75f00_0, 0, 1;
    %delay 40000, 0;
    %ix/load 0, 1, 0;
    %assign/v0 v0xf76020_0, 0, 1;
    %delay 40000, 0;
    %ix/load 0, 1, 0;
    %assign/v0 v0xf76020_0, 0, 1;
    %delay 40000, 0;
    %ix/load 0, 1, 0;
    %assign/v0 v0xf76020_0, 0, 0;
    %delay 40000, 0;
    %ix/load 0, 1, 0;
    %assign/v0 v0xf76020_0, 0, 1;
    %delay 40000, 0;
    %ix/load 0, 1, 0;
    %assign/v0 v0xf76020_0, 0, 0;
    %delay 40000, 0;
    %ix/load 0, 1, 0;
    %assign/v0 v0xf76020_0, 0, 0;
    %delay 40000, 0;
    %ix/load 0, 1, 0;
    %assign/v0 v0xf76020_0, 0, 0;
    %delay 40000, 0;
    %ix/load 0, 1, 0;
    %assign/v0 v0xf76020_0, 0, 1;
    %delay 40000, 0;
    %ix/load 0, 1, 0;
    %assign/v0 v0xf76020_0, 0, 1;
    %delay 40000, 0;
    %ix/load 0, 1, 0;
    %assign/v0 v0xf76020_0, 0, 1;
    %ix/load 0, 1, 0;
    %assign/v0 v0xf75f00_0, 0, 0;
    %delay 159990, 0;
    %ix/load 0, 1, 0;
    %assign/v0 v0xf76020_0, 0, 0;
    %delay 10, 0;
    %ix/load 0, 1, 0;
    %assign/v0 v0xf76180_0, 0, 0;
    %ix/load 0, 1, 0;
    %assign/v0 v0xf75f00_0, 0, 1;
    %delay 40000, 0;
    %ix/load 0, 1, 0;
    %assign/v0 v0xf76020_0, 0, 1;
    %delay 40000, 0;
    %ix/load 0, 1, 0;
    %assign/v0 v0xf76020_0, 0, 1;
    %delay 40000, 0;
    %ix/load 0, 1, 0;
    %assign/v0 v0xf76020_0, 0, 1;
    %delay 40000, 0;
    %ix/load 0, 1, 0;
    %assign/v0 v0xf76020_0, 0, 1;
    %delay 40000, 0;
    %ix/load 0, 1, 0;
    %assign/v0 v0xf76020_0, 0, 0;
    %delay 40000, 0;
    %ix/load 0, 1, 0;
    %assign/v0 v0xf76020_0, 0, 0;
    %delay 40000, 0;
    %ix/load 0, 1, 0;
    %assign/v0 v0xf76020_0, 0, 0;
    %delay 40000, 0;
    %ix/load 0, 1, 0;
    %assign/v0 v0xf76020_0, 0, 0;
    %delay 40000, 0;
    %ix/load 0, 1, 0;
    %assign/v0 v0xf76020_0, 0, 1;
    %delay 40000, 0;
    %ix/load 0, 1, 0;
    %assign/v0 v0xf76020_0, 0, 1;
    %ix/load 0, 1, 0;
    %assign/v0 v0xf75f00_0, 0, 0;
    %delay 159990, 0;
    %ix/load 0, 1, 0;
    %assign/v0 v0xf76020_0, 0, 0;
    %delay 10, 0;
    %ix/load 0, 1, 0;
    %assign/v0 v0xf76180_0, 0, 0;
    %ix/load 0, 1, 0;
    %assign/v0 v0xf75f00_0, 0, 1;
    %delay 40000, 0;
    %ix/load 0, 1, 0;
    %assign/v0 v0xf76020_0, 0, 1;
    %delay 40000, 0;
    %ix/load 0, 1, 0;
    %assign/v0 v0xf76020_0, 0, 0;
    %delay 40000, 0;
    %ix/load 0, 1, 0;
    %assign/v0 v0xf76020_0, 0, 0;
    %delay 40000, 0;
    %ix/load 0, 1, 0;
    %assign/v0 v0xf76020_0, 0, 0;
    %delay 40000, 0;
    %ix/load 0, 1, 0;
    %assign/v0 v0xf76020_0, 0, 0;
    %delay 40000, 0;
    %ix/load 0, 1, 0;
    %assign/v0 v0xf76020_0, 0, 1;
    %delay 40000, 0;
    %ix/load 0, 1, 0;
    %assign/v0 v0xf76020_0, 0, 1;
    %delay 40000, 0;
    %ix/load 0, 1, 0;
    %assign/v0 v0xf76020_0, 0, 0;
    %delay 40000, 0;
    %ix/load 0, 1, 0;
    %assign/v0 v0xf76020_0, 0, 1;
    %delay 40000, 0;
    %ix/load 0, 1, 0;
    %assign/v0 v0xf76020_0, 0, 1;
    %ix/load 0, 1, 0;
    %assign/v0 v0xf75f00_0, 0, 0;
    %delay 2200000, 0;
    %vpi_call 2 71 "$finish";
    %end;
    .thread T_6;
    .scope S_0xf53440;
T_7 ;
    %vpi_call 2 77 "$dumpfile", "waves.vcd";
    %vpi_call 2 78 "$dumpvars", 1'sb0, S_0xf53440;
    %end;
    .thread T_7;
# The file index is used to find the file name in the following table.
:file_names 5;
    "N/A";
    "<interactive>";
    "s2p_tb.v";
    "./../serial2parallel.v";
    "./../decoder.v";
